[CAN't user]ipython/ipython  550.8680038411693 0.17271157167530224 0.016574585810303688 true 21.0 NaN 3 0.0 0.00909072295817039 1.71 9.846153846153847 0.45248868778280543 0.0 0.0 0.0 0.0

// Qualities //
Khan/khan-exercises 1197.7386192320928 0.003423875827436658 0.4444444477558136 true 24.137931034482758 [AICI] 4 0.0 0.011297397992909079 0.3563218390804598 9.34108527131783 0.3953488372093023 0.5080943703651428 10.147286821705427 0.32608870967741943 2.303443526170799
SignalR/SignalR 247.40580958292918 0.4329501915708812 0.032967034727334976 true 105.0 NaN 1 0.0 0.021449704142011836 0.25 64.71153846153847 0.46153846153846156 0.3815886080265045 6.653846153846154 0.28697324146771347 1.9900332225913622
mono/MonoGame 297.99452980871706 0.07894736842105263 0.1538461595773697 true 20.58823529411765 NaN 3 0.0 0.004247015610651974 0.7450980392156863 11.25 0.45454545454545453 0.5753556489944458 11.219696969696969 0.23417164516650596 2.089960886571056
scikit-learn/scikit-learn 414.8572713061151 0.26256983240223464 0.014344261959195137 true 36.8421052631579 NaN 4 0.0 0.02020695338970117 -0.14035087719298245 8.337016574585636 0.5524861878453039 0.6474194526672363 25.85635359116022 0.21839078246715676 1.9301685586515307
h5bp/html5-boilerplate 218.8443790053156 6.1 0.009456264786422253 true 9.030075187969924 NaN 2 0.0 0.023153340810767507 0.5714285714285714 137.72151898734177 0.7848101265822784 0.6037348508834839 22.11392405063291 0.2477158580130224 2.0005369127516777
bundler/bundler 154.68692755225166 0.2765957446808511 0.004615384619683027 true 16.27906976744186 NaN 1 0.0 0.020560722212388173 0.43410852713178294 7.715867158671586 0.8265682656826568 0.7637051343917847 121.37269372693727 0.09487999441164083 1.5543915969699529
pyrocms/pyrocms 275.5844698091676 0.6298701298701299 0.015736766159534454 true 19.81132075471698 NaN 3 0.0 0.017490442068633958 1.0943396226415094 7.430622009569378 0.5933014354066986 0.6216910481452942 23.14354066985646 0.2677677957652897 2.066655872193437
cucumber/cucumber 94.91025585608052 0.40476190476190477 0.013186813332140446 true 13.125 NaN 2 0.0 0.0072740932996380025 -0.16875 15.512396694214877 0.6859504132231405 0.6288301348686218 58.396694214876035 0.17548478768717068 1.8097929905266852
saltstack/salt 728.0932861476841 0.25244618395303325 0.03768505901098251 true 17.5 NaN 3 0.0 0.0026577894708582784 1.225 5.261658031088083 0.47668393782383417 0.5402049422264099 28.10362694300518 0.29493434109624617 2.2005410997055783
composer/composer 261.8839678560477 0.16927899686520376 0.011267605237662792 true 11.229946524064172 NaN 1 0.0 0.028800000000000003 -0.20855614973262032 11.346666666666666 0.7066666666666667 0.8172310590744019 85.35111111111111 0.085101000520819 1.6340086483023704
EightMedia/hammer.js 35.08283847631995 0.22058823529411764 0.11428571492433548 true 14.238095238095237 NaN 1 0.0 0.0 -0.9047619047619048 293.2352941176471 0.5294117647058824 0.05490196496248245 1.8235294117647058 0.3288888888888889 2.358974358974359
gollum/gollum 151.3782752650532 0.5 0.09090909361839294 true 14.22 NaN 2 0.0 0.021042895132385248 1.49 37.29032258064516 0.8172043010752689 0.6063752770423889 21.537634408602152 0.22533734731534766 1.9172161172161173
netty/netty 337.70273780367125 0.9767441860465116 0.09379968047142029 true 110.52631578947368 NaN 1 0.0 0.016070124178232288 -4.2631578947368425 26.175675675675677 0.581081081081081 0.5461887717247009 8.405405405405405 0.3162820766695011 2.056728778467909
Modernizr/Modernizr 91.22651295904423 0.34285714285714286 0.007389162667095661 true 12.346153846153847 NaN 2 0.0 0.03349886373200909 0.15384615384615385 90.81651376146789 0.7706422018348624 0.6126479506492615 24.504587155963304 0.1678756917837378 1.8317757009345794
refinery/refinerycms 239.72705775990792 3.3157894736842106 0.012269938364624977 true 15.789473684210526 NaN 2 0.0 0.005300788954635108 0.9849624060150376 8.708333333333334 0.6634615384615384 0.6776040196418762 64.3076923076923 0.20051859882805698 1.8455370985603543
ajaxorg/cloud9 521.8472158272637 0.2009132420091324 0.04712041839957237 true 45.65217391304348 NaN 4 0.0 0.02 -2.0652173913043477 58.57142857142857 0.6285714285714286 0.4366733133792877 9.685714285714285 0.15835133675398327 1.9824915824915825 
ajaxorg/cloud9 521.7623181743453 0.20137299771167047 0.04712041839957237 true 45.65217391304348 NaN 4 0.0 0.02 -2.0652173913043477 58.44285714285714 0.6285714285714286 0.8894314169883728 43.645161290322584 0.009535324546485247 1.2840444184687316 
mozilla/pdf.js 266.2834242001945 0.22041763341067286 0.012016021646559238 true 20.792079207920793 NaN 2 0.0 0.005619834710743801 1.3663366336633664 59.9 0.4636363636363636 0.6708822846412659 14.045454545454545 0.2747251643535428 1.9822102425876011
boto/boto 108.82140822875292 0.09965635738831616 0.023364486172795296 true 10.880829015544041 NaN 3 0.0 0.0012680503079550746 1.0414507772020725 10.83093525179856 0.5539568345323741 0.43218111991882324 15.70863309352518 0.3326080664810991 2.39220475075276
arduino/Arduino 112.23943157375663 0.008928571428571428 0.027397260069847107 true 31.513513513513512 NaN 1 0.0 0.009204470742932281 -2.6486486486486487 50.717948717948715 0.48717948717948717 0.08032310009002686 2.128205128205128 0.4324845679012346 2.617737003058104
emberjs/ember.js 503.7994407928714 0.7443609022556391 0.008645533584058285 false 12.0 NaN 3 0.0 0.011377777777777778 0.30857142857142855 34.19111111111111 0.6844444444444444 0.7186166644096375 77.58222222222223 0.15162975498913234 1.6636089577950044
yiisoft/yii 387.806638570909 0.420824295010846 0.020761245861649513 true 16.27906976744186 NaN 4 0.0 0.014495290781135114 1.3643410852713178 17.34319526627219 0.47337278106508873 0.61433345079422 16.928994082840237 0.26013518452003076 2.0248138957816377
mongoid/mongoid 214.6698239933441 1.3821138211382114 0.08055555820465088 false 21.875 NaN 1 0.0 0.00768545333036311 1.0208333333333333 9.794776119402986 0.7985074626865671 0.6829140782356262 79.40671641791045 0.16120220281229444 1.7355917043993516
github/android 82.21806320605815 0.11 0.008888889104127884 true 262.5 NaN 1 0.0 0.09072978303747534 -2.375 34.35897435897436 0.3076923076923077 0.5894885063171387 16.474358974358974 0.23533338823875877 1.9150849150849152
angular-ui/bootstrap 313.65325382715804 0.38961038961038963 0.032258063554763794 true 30.454545454545453 NaN 1 0.0 0.0130718954248366 -0.7272727272727273 35.84313725490196 0.43137254901960786 0.6766083836555481 13.627450980392156 0.1537180200983927 1.7542857142857142



Khan/khan-exercises 0.44444445 0.76744187 90.69768 0.36567163 0.44444445 3280.0648460110915 1373.8604859359925 7.115501138451014 0.9235668789808917 4 false false 3280.0648460110915 7.115501138451014 
SignalR/SignalR 0.032967035 0.7692308 28.846153 0.14666666 0.032967035 5417.317368711054 1919.4222086260922 18.044245988065384 0.7931034482758621 1 true false 5417.317368711054 18.044245988065384 
mono/MonoGame 0.15384616 0.8030303 89.469696 0.09803922 0.15384616 6791.451413896805 2664.112318943352 16.769354332264676 0.8767123287671232 3 false false 6791.451413896805 16.769354332264676 
scikit-learn/scikit-learn 0.014344262 0.878453 169.03868 0.16109422 0.014344262 5858.352149081962 2098.141484316497 17.700398243065617 0.9310344827586207 3 false false 5858.352149081962 17.700398243065617 
h5bp/html5-boilerplate 0.009456265 0.9493671 89.59494 0.06552707 0.009456265 5141.857490323746 1781.9459002651868 19.639580530913292 0.9337349397590361 2 false false 5141.857490323746 19.639580530913292 
bundler/bundler 0.0046153846 0.9188192 356.92252 0.03329753 0.0046153846 6500.530005415851 2454.735542089945 16.43098905784278 0.9895833333333334 1 true false 6500.530005415851 16.43098905784278 
pyrocms/pyrocms 0.015736766 0.9521531 133.32057 0.06511628 0.015736766 7453.17455385247 2014.7204414036928 19.949404286987747 0.9541284403669725 3 false false 7453.17455385247 19.949404286987747 
cucumber/cucumber 0.013186813 0.8801653 172.45454 0.073800735 0.013186813 6553.002541849601 2066.310835613426 20.082255595135354 0.9606299212598425 2 true false 6553.002541849601 20.082255595135354 
saltstack/salt 0.03768506 0.9715026 325.84457 0.05882353 0.03768506 5708.8464977878975 1950.4771019341208 18.394417061019546 0.9671717171717171 3 true false 5708.8464977878975 18.394417061019546 
composer/composer 0.011267605 0.9911111 389.18222 0.04517454 0.011267605 5434.32897274017 2612.6743819229555 16.306128931271157 0.986784140969163 1 true false 5434.32897274017 16.306128931271157 
EightMedia/hammer.js 0.114285715 1.0 9.176471 0.07692308 0.114285715 5776.460896225644 1345.779271775032 20.259277814871773 0.8823529411764706 1 true false 5776.460896225644 20.259277814871773 
gollum/gollum 0.09090909 0.94623655 77.462364 0.060728744 0.09090909 5613.763259985067 1885.8570520728842 19.25924499691854 0.8979591836734694 2 true false 5613.763259985067 19.25924499691854 
netty/netty 0.09379968 0.8243243 44.756756 0.104575165 0.09379968 7742.387066118987 1931.7015858413017 20.811984899463916 0.9156626506024096 1 true false 7742.387066118987 20.811984899463916 
Modernizr/Modernizr 0.0073891627 0.9174312 103.70642 0.05230769 0.0073891627 5978.121717235598 2271.3166621392716 19.0860674191616 0.9830508474576272 2 true false 5978.121717235598 19.0860674191616 
refinery/refinerycms 0.012269938 0.99038464 246.53206 0.04828974 0.012269938 7672.9822817089835 2416.0610806632317 19.859032290831998 0.9492063492063492 2 true false 7672.9822817089835 19.859032290831998 
ajaxorg/cloud9 0.04712042 0.7 28.77143 0.13432837 0.04712042 6023.631447173955 1729.9717619801997 17.184916966083357 0.8809523809523809 4 false false 6023.631447173955 17.184916966083357
ajaxorg/cloud9 0.04712042 0.7 28.77143 0.13432837 0.04712042 6122.982112725585 2145.514579340678 17.184916966083357 0.8809523809523809 4 false false 6122.982112725585 17.184916966083357
mozilla/pdf.js 0.012016022 0.90909094 88.145454 0.11214953 0.012016022 6693.698196090343 1865.931850446 20.488990805806655 0.9491525423728814 2 true false 6693.698196090343 20.488990805806655 
boto/boto 0.023364486 0.9784173 198.30215 0.04010025 0.023364486 5814.5017606874735 2261.3631919376353 18.071755172332253 0.9436619718309859 3 false false 5814.5017606874735 18.071755172332253 
arduino/Arduino 0.02739726 0.74358976 18.358974 0.18518518 0.02739726 5224.618007416199 1669.6617977490794 19.206198240543323 0.6595744680851063 1 false false 5224.618007416199 19.206198240543323 
emberjs/ember.js 0.008645534 0.9866667 263.92 0.05299539 0.008645534 5118.343203724319 2340.9875826814127 14.690195730338216 0.9691629955947136 3 false false 5118.343203724319 14.690195730338216 
yiisoft/yii 0.020761246 0.9408284 140.9349 0.11111111 0.020761246 6927.517492283891 2345.4296429810747 18.914338665947284 0.9371428571428572 4 false false 6927.517492283891 18.914338665947284 
mongoid/mongoid 0.08055556 0.9925373 244.3806 0.06174957 0.08055556 6897.3929475548875 1859.3939735261654 18.838767545782943 0.9851851851851852 1 true false 6897.3929475548875 18.838767545782943 
github/android 0.008888889 0.5769231 34.153847 0.2451613 0.008888889 6683.196036812533 1956.0961533023467 22.0308505688444 0.7283950617283951 1 true false 6683.196036812533 22.0308505688444 
angular-ui/bootstrap 0.032258064 0.8627451 44.980392 0.25862068 0.032258064 6824.103115950888 2016.526488926237 16.67916301029196 0.9827586206896551 1 true false 6824.103115950888 16.67916301029196 



Khan/khan-exercises  2.773981603153745 0.17055555555555554 
SignalR/SignalR  1.839134524929445 0.5546875 
mono/MonoGame  2.4289636238846946 0.23243423243423245 
scikit-learn/scikit-learn  4.916473317865429 0.22387980180084183 
h5bp/html5-boilerplate  2.625 0.39705882352941174 
bundler/bundler  4.680365296803653 0.20913494809688582 
scikit-learn/scikit-learn  4.916473317865429 0.22387980180084183 
h5bp/html5-boilerplate  2.625 0.39705882352941174 
bundler/bundler  4.680365296803653 0.20913494809688582 
pyrocms/pyrocms  2.784943260448381 0.14288892844428622 
cucumber/cucumber  2.660746003552398 0.12838726650881346 
saltstack/salt  4.162273476112026 0.0907537792503624 
composer/composer  3.579185520361991 0.101696 
EightMedia/hammer.js  2.3555555555555556 0.3044982698961938 
gollum/gollum  1.2206572769953052 0.38650562265722616 
netty/netty  1.8568627450980393 0.2585034013605442 
Modernizr/Modernizr  2.0264026402640263 0.1339712918660287 
refinery/refinerycms  2.780806979280262 0.08146266540642723 
ajaxorg/cloud9  2.2707493956486706 0.3962585034013606 
mozilla/pdf.js  2.3697104677060135 0.19989615784008308 
boto/boto  3.146153846153846 0.08983986342832606 
arduino/Arduino  1.210741389375365 0.167590027700831 
emberjs/ember.js  5.884444444444444 0.19321022106821326 
yiisoft/yii  2.5324170899312817 0.08759439899307742 
mongoid/mongoid  1.9070121951219512 0.20049586776859504 
github/android  1.2360655737704918 0.611111111111111 
angular-ui/bootstrap  1.542857142857143 0.3703703703703704 

mongoid/mongoid  1.9070121951219512 0.20049586776859504 
functional-koans/clojure-koans  1.6 0.2222222222222222 
pivotal/jasmine  2.8823529411764706 0.5347222222222222 
uwescience/datasci_course_materials  1.0263157894736843 0.5 

Khan/khan-exercises  43.067409766454354 Infinity 
Khan/khan-exercises  43.067409766454354 0.9875 
SignalR/SignalR  10.386444286728176 0.95 
mono/MonoGame  56.25828970331588 0.9900990099009901 
scikit-learn/scikit-learn  46.956043956043956 0.9824561403508771 
h5bp/html5-boilerplate  25.923954372623573 0.9924812030075187 
bundler/bundler  87.71698113207547 0.9922480620155039 
pyrocms/pyrocms  84.38748627881449 0.9903846153846154 
cucumber/cucumber  81.54545454545455 0.9938271604938271 
saltstack/salt  113.38645418326693 0.9915966386554622 
composer/composer  142.04646464646464 0.9948453608247423 
composer/composer  142.04646464646464 0.9948453608247423 
EightMedia/hammer.js  12.606741573033707 0.9523809523809523 
EightMedia/hammer.js  12.606741573033707 0.9523809523809523 
gollum/gollum  29.625615763546797 0.98989898989899 
netty/netty  9.014657980456025 0.9473684210526315 
Modernizr/Modernizr  7.236372180451128 0.974112426035503 
refinery/refinerycms  89.00508720930233 0.9925373134328358 
ajaxorg/cloud9  31.973684210526315 0.9782608695652174 
mozilla/pdf.js  67.28487229862475 0.9900990099009901 
boto/boto  118.68157894736842 0.9948186528497409 
arduino/Arduino  8.243334806304317 0.972972972972973 
boto/boto  118.68157894736842 0.9948186528497409 

